<?xml version="1.0" encoding="UTF-8"?>
<!-- Generated by org.testng.reporters.JUnitReportReporter -->
<testsuite hostname="LAPTOP-RBL95I9L" failures="0" tests="1" name="com.actitime.timetrack.LoginTest" time="5.142" errors="0" timestamp="2022-07-13T12:01:05 IST" skipped="0">
  <testcase classname="com.actitime.timetrack.LoginTest" name="loginToApp" time="5.142"/>
  <system-out>
    <![CDATA[Enter Time Track Page is Displayed, PASS]]>
  </system-out>
</testsuite> <!-- com.actitime.timetrack.LoginTest -->
